<?xml version="1.0" encoding="UTF-8"?>
<!-- Generated by org.testng.reporters.JUnitReportReporter -->
<testsuite hostname="RABIUL" failures="0" tests="1" name="rabiulMobileAutomation.appiumBasic" time="28.707" errors="0" timestamp="2024-04-16T14:56:03 IST" skipped="0">
  <testcase classname="rabiulMobileAutomation.appiumBasic" name="appiumTest" time="28.707"/>
</testsuite> <!-- rabiulMobileAutomation.appiumBasic -->
